2024-03-14 13:48:34,741 django.utils.autoreload INFO     Watching for file changes with StatReloader
2024-03-14 13:49:10,238 django.utils.autoreload INFO     Watching for file changes with StatReloader
2024-03-14 14:00:07,927 django.utils.autoreload INFO     Watching for file changes with StatReloader
2024-03-14 14:00:20,338 django.request WARNING  Not Found: /
2024-03-14 16:09:30,455 django.utils.autoreload INFO     Watching for file changes with StatReloader
2024-03-14 16:11:20,039 django.request ERROR    Internal Server Error: /supersecret/profiles/profile/
Traceback (most recent call last):
  File "/home/hunnytaggy/Desktop/All/django_real_estate/estate-src/estateEnv/lib/python3.10/site-packages/django/db/models/options.py", line 681, in get_field
    return self.fields_map[field_name]
KeyError: 'action_checkbox'

During handling of the above exception, another exception occurred:

Traceback (most recent call last):
  File "/home/hunnytaggy/Desktop/All/django_real_estate/estate-src/estateEnv/lib/python3.10/site-packages/django/contrib/admin/utils.py", line 289, in lookup_field
    f = _get_non_gfk_field(opts, name)
  File "/home/hunnytaggy/Desktop/All/django_real_estate/estate-src/estateEnv/lib/python3.10/site-packages/django/contrib/admin/utils.py", line 322, in _get_non_gfk_field
    field = opts.get_field(name)
  File "/home/hunnytaggy/Desktop/All/django_real_estate/estate-src/estateEnv/lib/python3.10/site-packages/django/db/models/options.py", line 683, in get_field
    raise FieldDoesNotExist(
django.core.exceptions.FieldDoesNotExist: Profile has no field named 'action_checkbox'

During handling of the above exception, another exception occurred:

Traceback (most recent call last):
  File "/home/hunnytaggy/Desktop/All/django_real_estate/estate-src/estateEnv/lib/python3.10/site-packages/django/core/handlers/exception.py", line 55, in inner
    response = get_response(request)
  File "/home/hunnytaggy/Desktop/All/django_real_estate/estate-src/estateEnv/lib/python3.10/site-packages/django/core/handlers/base.py", line 220, in _get_response
    response = response.render()
  File "/home/hunnytaggy/Desktop/All/django_real_estate/estate-src/estateEnv/lib/python3.10/site-packages/django/template/response.py", line 114, in render
    self.content = self.rendered_content
  File "/home/hunnytaggy/Desktop/All/django_real_estate/estate-src/estateEnv/lib/python3.10/site-packages/django/template/response.py", line 92, in rendered_content
    return template.render(context, self._request)
  File "/home/hunnytaggy/Desktop/All/django_real_estate/estate-src/estateEnv/lib/python3.10/site-packages/django/template/backends/django.py", line 61, in render
    return self.template.render(context)
  File "/home/hunnytaggy/Desktop/All/django_real_estate/estate-src/estateEnv/lib/python3.10/site-packages/django/template/base.py", line 171, in render
    return self._render(context)
  File "/home/hunnytaggy/Desktop/All/django_real_estate/estate-src/estateEnv/lib/python3.10/site-packages/django/template/base.py", line 163, in _render
    return self.nodelist.render(context)
  File "/home/hunnytaggy/Desktop/All/django_real_estate/estate-src/estateEnv/lib/python3.10/site-packages/django/template/base.py", line 1000, in render
    return SafeString("".join([node.render_annotated(context) for node in self]))
  File "/home/hunnytaggy/Desktop/All/django_real_estate/estate-src/estateEnv/lib/python3.10/site-packages/django/template/base.py", line 1000, in <listcomp>
    return SafeString("".join([node.render_annotated(context) for node in self]))
  File "/home/hunnytaggy/Desktop/All/django_real_estate/estate-src/estateEnv/lib/python3.10/site-packages/django/template/base.py", line 961, in render_annotated
    return self.render(context)
  File "/home/hunnytaggy/Desktop/All/django_real_estate/estate-src/estateEnv/lib/python3.10/site-packages/django/template/loader_tags.py", line 159, in render
    return compiled_parent._render(context)
  File "/home/hunnytaggy/Desktop/All/django_real_estate/estate-src/estateEnv/lib/python3.10/site-packages/django/template/base.py", line 163, in _render
    return self.nodelist.render(context)
  File "/home/hunnytaggy/Desktop/All/django_real_estate/estate-src/estateEnv/lib/python3.10/site-packages/django/template/base.py", line 1000, in render
    return SafeString("".join([node.render_annotated(context) for node in self]))
  File "/home/hunnytaggy/Desktop/All/django_real_estate/estate-src/estateEnv/lib/python3.10/site-packages/django/template/base.py", line 1000, in <listcomp>
    return SafeString("".join([node.render_annotated(context) for node in self]))
  File "/home/hunnytaggy/Desktop/All/django_real_estate/estate-src/estateEnv/lib/python3.10/site-packages/django/template/base.py", line 961, in render_annotated
    return self.render(context)
  File "/home/hunnytaggy/Desktop/All/django_real_estate/estate-src/estateEnv/lib/python3.10/site-packages/django/template/loader_tags.py", line 159, in render
    return compiled_parent._render(context)
  File "/home/hunnytaggy/Desktop/All/django_real_estate/estate-src/estateEnv/lib/python3.10/site-packages/django/template/base.py", line 163, in _render
    return self.nodelist.render(context)
  File "/home/hunnytaggy/Desktop/All/django_real_estate/estate-src/estateEnv/lib/python3.10/site-packages/django/template/base.py", line 1000, in render
    return SafeString("".join([node.render_annotated(context) for node in self]))
  File "/home/hunnytaggy/Desktop/All/django_real_estate/estate-src/estateEnv/lib/python3.10/site-packages/django/template/base.py", line 1000, in <listcomp>
    return SafeString("".join([node.render_annotated(context) for node in self]))
  File "/home/hunnytaggy/Desktop/All/django_real_estate/estate-src/estateEnv/lib/python3.10/site-packages/django/template/base.py", line 961, in render_annotated
    return self.render(context)
  File "/home/hunnytaggy/Desktop/All/django_real_estate/estate-src/estateEnv/lib/python3.10/site-packages/django/template/loader_tags.py", line 65, in render
    result = block.nodelist.render(context)
  File "/home/hunnytaggy/Desktop/All/django_real_estate/estate-src/estateEnv/lib/python3.10/site-packages/django/template/base.py", line 1000, in render
    return SafeString("".join([node.render_annotated(context) for node in self]))
  File "/home/hunnytaggy/Desktop/All/django_real_estate/estate-src/estateEnv/lib/python3.10/site-packages/django/template/base.py", line 1000, in <listcomp>
    return SafeString("".join([node.render_annotated(context) for node in self]))
  File "/home/hunnytaggy/Desktop/All/django_real_estate/estate-src/estateEnv/lib/python3.10/site-packages/django/template/base.py", line 961, in render_annotated
    return self.render(context)
  File "/home/hunnytaggy/Desktop/All/django_real_estate/estate-src/estateEnv/lib/python3.10/site-packages/django/template/loader_tags.py", line 65, in render
    result = block.nodelist.render(context)
  File "/home/hunnytaggy/Desktop/All/django_real_estate/estate-src/estateEnv/lib/python3.10/site-packages/django/template/base.py", line 1000, in render
    return SafeString("".join([node.render_annotated(context) for node in self]))
  File "/home/hunnytaggy/Desktop/All/django_real_estate/estate-src/estateEnv/lib/python3.10/site-packages/django/template/base.py", line 1000, in <listcomp>
    return SafeString("".join([node.render_annotated(context) for node in self]))
  File "/home/hunnytaggy/Desktop/All/django_real_estate/estate-src/estateEnv/lib/python3.10/site-packages/django/template/base.py", line 961, in render_annotated
    return self.render(context)
  File "/home/hunnytaggy/Desktop/All/django_real_estate/estate-src/estateEnv/lib/python3.10/site-packages/django/contrib/admin/templatetags/base.py", line 45, in render
    return super().render(context)
  File "/home/hunnytaggy/Desktop/All/django_real_estate/estate-src/estateEnv/lib/python3.10/site-packages/django/template/library.py", line 258, in render
    _dict = self.func(*resolved_args, **resolved_kwargs)
  File "/home/hunnytaggy/Desktop/All/django_real_estate/estate-src/estateEnv/lib/python3.10/site-packages/django/contrib/admin/templatetags/admin_list.py", line 345, in result_list
    "results": list(results(cl)),
  File "/home/hunnytaggy/Desktop/All/django_real_estate/estate-src/estateEnv/lib/python3.10/site-packages/django/contrib/admin/templatetags/admin_list.py", line 321, in results
    yield ResultList(None, items_for_result(cl, res, None))
  File "/home/hunnytaggy/Desktop/All/django_real_estate/estate-src/estateEnv/lib/python3.10/site-packages/django/contrib/admin/templatetags/admin_list.py", line 312, in __init__
    super().__init__(*items)
  File "/home/hunnytaggy/Desktop/All/django_real_estate/estate-src/estateEnv/lib/python3.10/site-packages/django/contrib/admin/templatetags/admin_list.py", line 217, in items_for_result
    f, attr, value = lookup_field(field_name, result, cl.model_admin)
  File "/home/hunnytaggy/Desktop/All/django_real_estate/estate-src/estateEnv/lib/python3.10/site-packages/django/contrib/admin/utils.py", line 298, in lookup_field
    value = attr(obj)
  File "/home/hunnytaggy/Desktop/All/django_real_estate/estate-src/estateEnv/lib/python3.10/site-packages/django/contrib/admin/options.py", line 999, in action_checkbox
    "aria-label": format_html(_("Select this object for an action - {}"), obj),
  File "/home/hunnytaggy/Desktop/All/django_real_estate/estate-src/estateEnv/lib/python3.10/site-packages/django/utils/html.py", line 135, in format_html
    return mark_safe(format_string.format(*args_safe, **kwargs_safe))
  File "/home/hunnytaggy/Desktop/All/django_real_estate/estate-src/estateEnv/lib/python3.10/site-packages/django/utils/html.py", line 117, in conditional_escape
    return escape(text)
  File "/home/hunnytaggy/Desktop/All/django_real_estate/estate-src/estateEnv/lib/python3.10/site-packages/django/utils/functional.py", line 231, in wrapper
    return func(*args, **kwargs)
  File "/home/hunnytaggy/Desktop/All/django_real_estate/estate-src/estateEnv/lib/python3.10/site-packages/django/utils/html.py", line 50, in escape
    return SafeString(html.escape(str(text)))
  File "/home/hunnytaggy/Desktop/All/django_real_estate/estate-src/apps/profiles/models.py", line 33, in __str__
    return f"{self.user.usernames}'s profile"
AttributeError: 'User' object has no attribute 'usernames'
2024-03-14 16:11:35,851 django.request ERROR    Internal Server Error: /supersecret/profiles/profile/
Traceback (most recent call last):
  File "/home/hunnytaggy/Desktop/All/django_real_estate/estate-src/estateEnv/lib/python3.10/site-packages/django/db/models/options.py", line 681, in get_field
    return self.fields_map[field_name]
KeyError: 'action_checkbox'

During handling of the above exception, another exception occurred:

Traceback (most recent call last):
  File "/home/hunnytaggy/Desktop/All/django_real_estate/estate-src/estateEnv/lib/python3.10/site-packages/django/contrib/admin/utils.py", line 289, in lookup_field
    f = _get_non_gfk_field(opts, name)
  File "/home/hunnytaggy/Desktop/All/django_real_estate/estate-src/estateEnv/lib/python3.10/site-packages/django/contrib/admin/utils.py", line 322, in _get_non_gfk_field
    field = opts.get_field(name)
  File "/home/hunnytaggy/Desktop/All/django_real_estate/estate-src/estateEnv/lib/python3.10/site-packages/django/db/models/options.py", line 683, in get_field
    raise FieldDoesNotExist(
django.core.exceptions.FieldDoesNotExist: Profile has no field named 'action_checkbox'

During handling of the above exception, another exception occurred:

Traceback (most recent call last):
  File "/home/hunnytaggy/Desktop/All/django_real_estate/estate-src/estateEnv/lib/python3.10/site-packages/django/core/handlers/exception.py", line 55, in inner
    response = get_response(request)
  File "/home/hunnytaggy/Desktop/All/django_real_estate/estate-src/estateEnv/lib/python3.10/site-packages/django/core/handlers/base.py", line 220, in _get_response
    response = response.render()
  File "/home/hunnytaggy/Desktop/All/django_real_estate/estate-src/estateEnv/lib/python3.10/site-packages/django/template/response.py", line 114, in render
    self.content = self.rendered_content
  File "/home/hunnytaggy/Desktop/All/django_real_estate/estate-src/estateEnv/lib/python3.10/site-packages/django/template/response.py", line 92, in rendered_content
    return template.render(context, self._request)
  File "/home/hunnytaggy/Desktop/All/django_real_estate/estate-src/estateEnv/lib/python3.10/site-packages/django/template/backends/django.py", line 61, in render
    return self.template.render(context)
  File "/home/hunnytaggy/Desktop/All/django_real_estate/estate-src/estateEnv/lib/python3.10/site-packages/django/template/base.py", line 171, in render
    return self._render(context)
  File "/home/hunnytaggy/Desktop/All/django_real_estate/estate-src/estateEnv/lib/python3.10/site-packages/django/template/base.py", line 163, in _render
    return self.nodelist.render(context)
  File "/home/hunnytaggy/Desktop/All/django_real_estate/estate-src/estateEnv/lib/python3.10/site-packages/django/template/base.py", line 1000, in render
    return SafeString("".join([node.render_annotated(context) for node in self]))
  File "/home/hunnytaggy/Desktop/All/django_real_estate/estate-src/estateEnv/lib/python3.10/site-packages/django/template/base.py", line 1000, in <listcomp>
    return SafeString("".join([node.render_annotated(context) for node in self]))
  File "/home/hunnytaggy/Desktop/All/django_real_estate/estate-src/estateEnv/lib/python3.10/site-packages/django/template/base.py", line 961, in render_annotated
    return self.render(context)
  File "/home/hunnytaggy/Desktop/All/django_real_estate/estate-src/estateEnv/lib/python3.10/site-packages/django/template/loader_tags.py", line 159, in render
    return compiled_parent._render(context)
  File "/home/hunnytaggy/Desktop/All/django_real_estate/estate-src/estateEnv/lib/python3.10/site-packages/django/template/base.py", line 163, in _render
    return self.nodelist.render(context)
  File "/home/hunnytaggy/Desktop/All/django_real_estate/estate-src/estateEnv/lib/python3.10/site-packages/django/template/base.py", line 1000, in render
    return SafeString("".join([node.render_annotated(context) for node in self]))
  File "/home/hunnytaggy/Desktop/All/django_real_estate/estate-src/estateEnv/lib/python3.10/site-packages/django/template/base.py", line 1000, in <listcomp>
    return SafeString("".join([node.render_annotated(context) for node in self]))
  File "/home/hunnytaggy/Desktop/All/django_real_estate/estate-src/estateEnv/lib/python3.10/site-packages/django/template/base.py", line 961, in render_annotated
    return self.render(context)
  File "/home/hunnytaggy/Desktop/All/django_real_estate/estate-src/estateEnv/lib/python3.10/site-packages/django/template/loader_tags.py", line 159, in render
    return compiled_parent._render(context)
  File "/home/hunnytaggy/Desktop/All/django_real_estate/estate-src/estateEnv/lib/python3.10/site-packages/django/template/base.py", line 163, in _render
    return self.nodelist.render(context)
  File "/home/hunnytaggy/Desktop/All/django_real_estate/estate-src/estateEnv/lib/python3.10/site-packages/django/template/base.py", line 1000, in render
    return SafeString("".join([node.render_annotated(context) for node in self]))
  File "/home/hunnytaggy/Desktop/All/django_real_estate/estate-src/estateEnv/lib/python3.10/site-packages/django/template/base.py", line 1000, in <listcomp>
    return SafeString("".join([node.render_annotated(context) for node in self]))
  File "/home/hunnytaggy/Desktop/All/django_real_estate/estate-src/estateEnv/lib/python3.10/site-packages/django/template/base.py", line 961, in render_annotated
    return self.render(context)
  File "/home/hunnytaggy/Desktop/All/django_real_estate/estate-src/estateEnv/lib/python3.10/site-packages/django/template/loader_tags.py", line 65, in render
    result = block.nodelist.render(context)
  File "/home/hunnytaggy/Desktop/All/django_real_estate/estate-src/estateEnv/lib/python3.10/site-packages/django/template/base.py", line 1000, in render
    return SafeString("".join([node.render_annotated(context) for node in self]))
  File "/home/hunnytaggy/Desktop/All/django_real_estate/estate-src/estateEnv/lib/python3.10/site-packages/django/template/base.py", line 1000, in <listcomp>
    return SafeString("".join([node.render_annotated(context) for node in self]))
  File "/home/hunnytaggy/Desktop/All/django_real_estate/estate-src/estateEnv/lib/python3.10/site-packages/django/template/base.py", line 961, in render_annotated
    return self.render(context)
  File "/home/hunnytaggy/Desktop/All/django_real_estate/estate-src/estateEnv/lib/python3.10/site-packages/django/template/loader_tags.py", line 65, in render
    result = block.nodelist.render(context)
  File "/home/hunnytaggy/Desktop/All/django_real_estate/estate-src/estateEnv/lib/python3.10/site-packages/django/template/base.py", line 1000, in render
    return SafeString("".join([node.render_annotated(context) for node in self]))
  File "/home/hunnytaggy/Desktop/All/django_real_estate/estate-src/estateEnv/lib/python3.10/site-packages/django/template/base.py", line 1000, in <listcomp>
    return SafeString("".join([node.render_annotated(context) for node in self]))
  File "/home/hunnytaggy/Desktop/All/django_real_estate/estate-src/estateEnv/lib/python3.10/site-packages/django/template/base.py", line 961, in render_annotated
    return self.render(context)
  File "/home/hunnytaggy/Desktop/All/django_real_estate/estate-src/estateEnv/lib/python3.10/site-packages/django/contrib/admin/templatetags/base.py", line 45, in render
    return super().render(context)
  File "/home/hunnytaggy/Desktop/All/django_real_estate/estate-src/estateEnv/lib/python3.10/site-packages/django/template/library.py", line 258, in render
    _dict = self.func(*resolved_args, **resolved_kwargs)
  File "/home/hunnytaggy/Desktop/All/django_real_estate/estate-src/estateEnv/lib/python3.10/site-packages/django/contrib/admin/templatetags/admin_list.py", line 345, in result_list
    "results": list(results(cl)),
  File "/home/hunnytaggy/Desktop/All/django_real_estate/estate-src/estateEnv/lib/python3.10/site-packages/django/contrib/admin/templatetags/admin_list.py", line 321, in results
    yield ResultList(None, items_for_result(cl, res, None))
  File "/home/hunnytaggy/Desktop/All/django_real_estate/estate-src/estateEnv/lib/python3.10/site-packages/django/contrib/admin/templatetags/admin_list.py", line 312, in __init__
    super().__init__(*items)
  File "/home/hunnytaggy/Desktop/All/django_real_estate/estate-src/estateEnv/lib/python3.10/site-packages/django/contrib/admin/templatetags/admin_list.py", line 217, in items_for_result
    f, attr, value = lookup_field(field_name, result, cl.model_admin)
  File "/home/hunnytaggy/Desktop/All/django_real_estate/estate-src/estateEnv/lib/python3.10/site-packages/django/contrib/admin/utils.py", line 298, in lookup_field
    value = attr(obj)
  File "/home/hunnytaggy/Desktop/All/django_real_estate/estate-src/estateEnv/lib/python3.10/site-packages/django/contrib/admin/options.py", line 999, in action_checkbox
    "aria-label": format_html(_("Select this object for an action - {}"), obj),
  File "/home/hunnytaggy/Desktop/All/django_real_estate/estate-src/estateEnv/lib/python3.10/site-packages/django/utils/html.py", line 135, in format_html
    return mark_safe(format_string.format(*args_safe, **kwargs_safe))
  File "/home/hunnytaggy/Desktop/All/django_real_estate/estate-src/estateEnv/lib/python3.10/site-packages/django/utils/html.py", line 117, in conditional_escape
    return escape(text)
  File "/home/hunnytaggy/Desktop/All/django_real_estate/estate-src/estateEnv/lib/python3.10/site-packages/django/utils/functional.py", line 231, in wrapper
    return func(*args, **kwargs)
  File "/home/hunnytaggy/Desktop/All/django_real_estate/estate-src/estateEnv/lib/python3.10/site-packages/django/utils/html.py", line 50, in escape
    return SafeString(html.escape(str(text)))
  File "/home/hunnytaggy/Desktop/All/django_real_estate/estate-src/apps/profiles/models.py", line 33, in __str__
    return f"{self.user.usernames}'s profile"
AttributeError: 'User' object has no attribute 'usernames'
2024-03-14 16:12:03,842 django.request WARNING  Not Found: /favicon.ico
2024-03-14 16:12:57,907 django.request ERROR    Internal Server Error: /supersecret/profiles/profile/
Traceback (most recent call last):
  File "/home/hunnytaggy/Desktop/All/django_real_estate/estate-src/estateEnv/lib/python3.10/site-packages/django/db/models/options.py", line 681, in get_field
    return self.fields_map[field_name]
KeyError: 'action_checkbox'

During handling of the above exception, another exception occurred:

Traceback (most recent call last):
  File "/home/hunnytaggy/Desktop/All/django_real_estate/estate-src/estateEnv/lib/python3.10/site-packages/django/contrib/admin/utils.py", line 289, in lookup_field
    f = _get_non_gfk_field(opts, name)
  File "/home/hunnytaggy/Desktop/All/django_real_estate/estate-src/estateEnv/lib/python3.10/site-packages/django/contrib/admin/utils.py", line 322, in _get_non_gfk_field
    field = opts.get_field(name)
  File "/home/hunnytaggy/Desktop/All/django_real_estate/estate-src/estateEnv/lib/python3.10/site-packages/django/db/models/options.py", line 683, in get_field
    raise FieldDoesNotExist(
django.core.exceptions.FieldDoesNotExist: Profile has no field named 'action_checkbox'

During handling of the above exception, another exception occurred:

Traceback (most recent call last):
  File "/home/hunnytaggy/Desktop/All/django_real_estate/estate-src/estateEnv/lib/python3.10/site-packages/django/core/handlers/exception.py", line 55, in inner
    response = get_response(request)
  File "/home/hunnytaggy/Desktop/All/django_real_estate/estate-src/estateEnv/lib/python3.10/site-packages/django/core/handlers/base.py", line 220, in _get_response
    response = response.render()
  File "/home/hunnytaggy/Desktop/All/django_real_estate/estate-src/estateEnv/lib/python3.10/site-packages/django/template/response.py", line 114, in render
    self.content = self.rendered_content
  File "/home/hunnytaggy/Desktop/All/django_real_estate/estate-src/estateEnv/lib/python3.10/site-packages/django/template/response.py", line 92, in rendered_content
    return template.render(context, self._request)
  File "/home/hunnytaggy/Desktop/All/django_real_estate/estate-src/estateEnv/lib/python3.10/site-packages/django/template/backends/django.py", line 61, in render
    return self.template.render(context)
  File "/home/hunnytaggy/Desktop/All/django_real_estate/estate-src/estateEnv/lib/python3.10/site-packages/django/template/base.py", line 171, in render
    return self._render(context)
  File "/home/hunnytaggy/Desktop/All/django_real_estate/estate-src/estateEnv/lib/python3.10/site-packages/django/template/base.py", line 163, in _render
    return self.nodelist.render(context)
  File "/home/hunnytaggy/Desktop/All/django_real_estate/estate-src/estateEnv/lib/python3.10/site-packages/django/template/base.py", line 1000, in render
    return SafeString("".join([node.render_annotated(context) for node in self]))
  File "/home/hunnytaggy/Desktop/All/django_real_estate/estate-src/estateEnv/lib/python3.10/site-packages/django/template/base.py", line 1000, in <listcomp>
    return SafeString("".join([node.render_annotated(context) for node in self]))
  File "/home/hunnytaggy/Desktop/All/django_real_estate/estate-src/estateEnv/lib/python3.10/site-packages/django/template/base.py", line 961, in render_annotated
    return self.render(context)
  File "/home/hunnytaggy/Desktop/All/django_real_estate/estate-src/estateEnv/lib/python3.10/site-packages/django/template/loader_tags.py", line 159, in render
    return compiled_parent._render(context)
  File "/home/hunnytaggy/Desktop/All/django_real_estate/estate-src/estateEnv/lib/python3.10/site-packages/django/template/base.py", line 163, in _render
    return self.nodelist.render(context)
  File "/home/hunnytaggy/Desktop/All/django_real_estate/estate-src/estateEnv/lib/python3.10/site-packages/django/template/base.py", line 1000, in render
    return SafeString("".join([node.render_annotated(context) for node in self]))
  File "/home/hunnytaggy/Desktop/All/django_real_estate/estate-src/estateEnv/lib/python3.10/site-packages/django/template/base.py", line 1000, in <listcomp>
    return SafeString("".join([node.render_annotated(context) for node in self]))
  File "/home/hunnytaggy/Desktop/All/django_real_estate/estate-src/estateEnv/lib/python3.10/site-packages/django/template/base.py", line 961, in render_annotated
    return self.render(context)
  File "/home/hunnytaggy/Desktop/All/django_real_estate/estate-src/estateEnv/lib/python3.10/site-packages/django/template/loader_tags.py", line 159, in render
    return compiled_parent._render(context)
  File "/home/hunnytaggy/Desktop/All/django_real_estate/estate-src/estateEnv/lib/python3.10/site-packages/django/template/base.py", line 163, in _render
    return self.nodelist.render(context)
  File "/home/hunnytaggy/Desktop/All/django_real_estate/estate-src/estateEnv/lib/python3.10/site-packages/django/template/base.py", line 1000, in render
    return SafeString("".join([node.render_annotated(context) for node in self]))
  File "/home/hunnytaggy/Desktop/All/django_real_estate/estate-src/estateEnv/lib/python3.10/site-packages/django/template/base.py", line 1000, in <listcomp>
    return SafeString("".join([node.render_annotated(context) for node in self]))
  File "/home/hunnytaggy/Desktop/All/django_real_estate/estate-src/estateEnv/lib/python3.10/site-packages/django/template/base.py", line 961, in render_annotated
    return self.render(context)
  File "/home/hunnytaggy/Desktop/All/django_real_estate/estate-src/estateEnv/lib/python3.10/site-packages/django/template/loader_tags.py", line 65, in render
    result = block.nodelist.render(context)
  File "/home/hunnytaggy/Desktop/All/django_real_estate/estate-src/estateEnv/lib/python3.10/site-packages/django/template/base.py", line 1000, in render
    return SafeString("".join([node.render_annotated(context) for node in self]))
  File "/home/hunnytaggy/Desktop/All/django_real_estate/estate-src/estateEnv/lib/python3.10/site-packages/django/template/base.py", line 1000, in <listcomp>
    return SafeString("".join([node.render_annotated(context) for node in self]))
  File "/home/hunnytaggy/Desktop/All/django_real_estate/estate-src/estateEnv/lib/python3.10/site-packages/django/template/base.py", line 961, in render_annotated
    return self.render(context)
  File "/home/hunnytaggy/Desktop/All/django_real_estate/estate-src/estateEnv/lib/python3.10/site-packages/django/template/loader_tags.py", line 65, in render
    result = block.nodelist.render(context)
  File "/home/hunnytaggy/Desktop/All/django_real_estate/estate-src/estateEnv/lib/python3.10/site-packages/django/template/base.py", line 1000, in render
    return SafeString("".join([node.render_annotated(context) for node in self]))
  File "/home/hunnytaggy/Desktop/All/django_real_estate/estate-src/estateEnv/lib/python3.10/site-packages/django/template/base.py", line 1000, in <listcomp>
    return SafeString("".join([node.render_annotated(context) for node in self]))
  File "/home/hunnytaggy/Desktop/All/django_real_estate/estate-src/estateEnv/lib/python3.10/site-packages/django/template/base.py", line 961, in render_annotated
    return self.render(context)
  File "/home/hunnytaggy/Desktop/All/django_real_estate/estate-src/estateEnv/lib/python3.10/site-packages/django/contrib/admin/templatetags/base.py", line 45, in render
    return super().render(context)
  File "/home/hunnytaggy/Desktop/All/django_real_estate/estate-src/estateEnv/lib/python3.10/site-packages/django/template/library.py", line 258, in render
    _dict = self.func(*resolved_args, **resolved_kwargs)
  File "/home/hunnytaggy/Desktop/All/django_real_estate/estate-src/estateEnv/lib/python3.10/site-packages/django/contrib/admin/templatetags/admin_list.py", line 345, in result_list
    "results": list(results(cl)),
  File "/home/hunnytaggy/Desktop/All/django_real_estate/estate-src/estateEnv/lib/python3.10/site-packages/django/contrib/admin/templatetags/admin_list.py", line 321, in results
    yield ResultList(None, items_for_result(cl, res, None))
  File "/home/hunnytaggy/Desktop/All/django_real_estate/estate-src/estateEnv/lib/python3.10/site-packages/django/contrib/admin/templatetags/admin_list.py", line 312, in __init__
    super().__init__(*items)
  File "/home/hunnytaggy/Desktop/All/django_real_estate/estate-src/estateEnv/lib/python3.10/site-packages/django/contrib/admin/templatetags/admin_list.py", line 217, in items_for_result
    f, attr, value = lookup_field(field_name, result, cl.model_admin)
  File "/home/hunnytaggy/Desktop/All/django_real_estate/estate-src/estateEnv/lib/python3.10/site-packages/django/contrib/admin/utils.py", line 298, in lookup_field
    value = attr(obj)
  File "/home/hunnytaggy/Desktop/All/django_real_estate/estate-src/estateEnv/lib/python3.10/site-packages/django/contrib/admin/options.py", line 999, in action_checkbox
    "aria-label": format_html(_("Select this object for an action - {}"), obj),
  File "/home/hunnytaggy/Desktop/All/django_real_estate/estate-src/estateEnv/lib/python3.10/site-packages/django/utils/html.py", line 135, in format_html
    return mark_safe(format_string.format(*args_safe, **kwargs_safe))
  File "/home/hunnytaggy/Desktop/All/django_real_estate/estate-src/estateEnv/lib/python3.10/site-packages/django/utils/html.py", line 117, in conditional_escape
    return escape(text)
  File "/home/hunnytaggy/Desktop/All/django_real_estate/estate-src/estateEnv/lib/python3.10/site-packages/django/utils/functional.py", line 231, in wrapper
    return func(*args, **kwargs)
  File "/home/hunnytaggy/Desktop/All/django_real_estate/estate-src/estateEnv/lib/python3.10/site-packages/django/utils/html.py", line 50, in escape
    return SafeString(html.escape(str(text)))
  File "/home/hunnytaggy/Desktop/All/django_real_estate/estate-src/apps/profiles/models.py", line 33, in __str__
    return f"{self.user.usernames}'s profile"
AttributeError: 'User' object has no attribute 'usernames'
2024-03-14 16:14:23,894 django.utils.autoreload INFO     /home/hunnytaggy/Desktop/All/django_real_estate/estate-src/apps/profiles/models.py changed, reloading.
2024-03-14 16:14:24,456 django.utils.autoreload INFO     Watching for file changes with StatReloader
2024-03-14 16:14:47,766 django.request WARNING  Not Found: /favicon.ico
2024-03-15 13:38:51,406 django.utils.autoreload INFO     Watching for file changes with StatReloader
2024-03-15 13:44:52,429 django.request ERROR    Internal Server Error: /api/v1/auth/users/
Traceback (most recent call last):
  File "/home/hunnytaggy/Desktop/All/django_real_estate/estate-src/estateEnv/lib/python3.10/site-packages/django/utils/module_loading.py", line 30, in import_string
    return cached_import(module_path, class_name)
  File "/home/hunnytaggy/Desktop/All/django_real_estate/estate-src/estateEnv/lib/python3.10/site-packages/django/utils/module_loading.py", line 16, in cached_import
    return getattr(module, class_name)
AttributeError: module 'django.core.mail.backends.smtp' has no attribute 'EmailBackends'

The above exception was the direct cause of the following exception:

Traceback (most recent call last):
  File "/home/hunnytaggy/Desktop/All/django_real_estate/estate-src/estateEnv/lib/python3.10/site-packages/django/core/handlers/exception.py", line 55, in inner
    response = get_response(request)
  File "/home/hunnytaggy/Desktop/All/django_real_estate/estate-src/estateEnv/lib/python3.10/site-packages/django/core/handlers/base.py", line 197, in _get_response
    response = wrapped_callback(request, *callback_args, **callback_kwargs)
  File "/home/hunnytaggy/Desktop/All/django_real_estate/estate-src/estateEnv/lib/python3.10/site-packages/django/views/decorators/csrf.py", line 65, in _view_wrapper
    return view_func(request, *args, **kwargs)
  File "/home/hunnytaggy/Desktop/All/django_real_estate/estate-src/estateEnv/lib/python3.10/site-packages/rest_framework/viewsets.py", line 133, in view
    return self.dispatch(request, *args, **kwargs)
  File "/home/hunnytaggy/Desktop/All/django_real_estate/estate-src/estateEnv/lib/python3.10/site-packages/rest_framework/views.py", line 512, in dispatch
    response = self.handle_exception(exc)
  File "/home/hunnytaggy/Desktop/All/django_real_estate/estate-src/estateEnv/lib/python3.10/site-packages/rest_framework/views.py", line 471, in handle_exception
    self.raise_uncaught_exception(exc)
  File "/home/hunnytaggy/Desktop/All/django_real_estate/estate-src/estateEnv/lib/python3.10/site-packages/rest_framework/views.py", line 482, in raise_uncaught_exception
    raise exc
  File "/home/hunnytaggy/Desktop/All/django_real_estate/estate-src/estateEnv/lib/python3.10/site-packages/rest_framework/views.py", line 509, in dispatch
    response = handler(request, *args, **kwargs)
  File "/home/hunnytaggy/Desktop/All/django_real_estate/estate-src/estateEnv/lib/python3.10/site-packages/rest_framework/mixins.py", line 21, in create
    self.perform_create(serializer)
  File "/home/hunnytaggy/Desktop/All/django_real_estate/estate-src/estateEnv/lib/python3.10/site-packages/djoser/views.py", line 140, in perform_create
    settings.EMAIL.activation(self.request, context).send(to)
  File "/home/hunnytaggy/Desktop/All/django_real_estate/estate-src/estateEnv/lib/python3.10/site-packages/templated_mail/mail.py", line 78, in send
    super(BaseEmailMessage, self).send(*args, **kwargs)
  File "/home/hunnytaggy/Desktop/All/django_real_estate/estate-src/estateEnv/lib/python3.10/site-packages/django/core/mail/message.py", line 300, in send
    return self.get_connection(fail_silently).send_messages([self])
  File "/home/hunnytaggy/Desktop/All/django_real_estate/estate-src/estateEnv/lib/python3.10/site-packages/django/core/mail/message.py", line 257, in get_connection
    self.connection = get_connection(fail_silently=fail_silently)
  File "/home/hunnytaggy/Desktop/All/django_real_estate/estate-src/estateEnv/lib/python3.10/site-packages/django/core/mail/__init__.py", line 51, in get_connection
    klass = import_string(backend or settings.EMAIL_BACKEND)
  File "/home/hunnytaggy/Desktop/All/django_real_estate/estate-src/estateEnv/lib/python3.10/site-packages/django/utils/module_loading.py", line 32, in import_string
    raise ImportError(
ImportError: Module "django.core.mail.backends.smtp" does not define a "EmailBackends" attribute/class
2024-03-15 13:47:46,865 django.utils.autoreload INFO     /home/hunnytaggy/Desktop/All/django_real_estate/estate-src/real_estate/settings/development.py changed, reloading.
2024-03-15 13:47:47,477 django.utils.autoreload INFO     Watching for file changes with StatReloader
2024-03-15 13:48:00,224 django.request WARNING  Bad Request: /api/v1/auth/users/
2024-03-15 13:54:17,018 django.request WARNING  Not Found: /activate/Mw/c3xnqx-2f008d1121f0d83c046801db855b8108
2024-03-15 13:54:17,107 django.request WARNING  Not Found: /favicon.ico
2024-03-15 13:56:42,623 django.request WARNING  Bad Request: /api/v1/auth/users/
2024-03-15 14:01:45,469 django.request ERROR    Internal Server Error: /api/v1/auth/users/reset_password
Traceback (most recent call last):
  File "/home/hunnytaggy/Desktop/All/django_real_estate/estate-src/estateEnv/lib/python3.10/site-packages/django/core/handlers/exception.py", line 55, in inner
    response = get_response(request)
  File "/home/hunnytaggy/Desktop/All/django_real_estate/estate-src/estateEnv/lib/python3.10/site-packages/django/utils/deprecation.py", line 136, in __call__
    response = self.process_response(request, response)
  File "/home/hunnytaggy/Desktop/All/django_real_estate/estate-src/estateEnv/lib/python3.10/site-packages/django/middleware/common.py", line 108, in process_response
    return self.response_redirect_class(self.get_full_path_with_slash(request))
  File "/home/hunnytaggy/Desktop/All/django_real_estate/estate-src/estateEnv/lib/python3.10/site-packages/django/middleware/common.py", line 87, in get_full_path_with_slash
    raise RuntimeError(
RuntimeError: You called this URL via POST, but the URL doesn't end in a slash and you have APPEND_SLASH set. Django can't redirect to the slash URL while maintaining POST data. Change your form to point to localhost:8000/api/v1/auth/users/reset_password/ (note the trailing slash), or set APPEND_SLASH=False in your Django settings.
2024-03-15 14:03:34,387 django.request WARNING  Not Found: /password/reset/confirm/Mw/c3xoc6-9f045e9adc632d6ae4074fbf3e068deb
2024-03-16 15:54:03,288 django.utils.autoreload INFO     Watching for file changes with StatReloader
2024-03-16 15:55:33,371 django.request WARNING  Unauthorized: /api/v1/auth/jwt/create
2024-03-16 16:01:30,635 django.request WARNING  Unauthorized: /api/v1/profile/me/
2024-03-19 10:41:50,359 django.utils.autoreload INFO     Watching for file changes with StatReloader
2024-03-19 10:42:30,809 django.request WARNING  Not Found: /favicon.ico
2024-03-19 10:46:45,350 django.utils.autoreload INFO     /home/hunnytaggy/Desktop/All/django_real_estate/estate-src/apps/properties/models.py changed, reloading.
2024-03-19 10:46:46,178 django.utils.autoreload INFO     Watching for file changes with StatReloader
2024-03-19 10:47:34,446 django.request WARNING  Not Found: /favicon.ico
2024-03-19 10:48:06,189 django.request WARNING  Not Found: /mediafiles/house_sample.jpg
2024-03-19 10:48:25,202 django.request WARNING  Not Found: /mediafiles/interior_sample.jpg
2024-03-19 10:48:47,412 django.request WARNING  Not Found: /mediafiles/interior_sample.jpg
2024-03-19 10:50:28,329 django.utils.autoreload INFO     /home/hunnytaggy/Desktop/All/django_real_estate/estate-src/apps/properties/models.py changed, reloading.
2024-03-19 10:50:29,152 django.utils.autoreload INFO     Watching for file changes with StatReloader
2024-03-19 10:51:10,922 django.request WARNING  Not Found: /mediafiles/interior_sample.jpg
2024-03-19 10:51:17,075 django.request WARNING  Not Found: /favicon.ico
2024-03-19 10:51:23,408 django.request WARNING  Not Found: /mediafiles/interior_sample.jpg
2024-03-19 10:52:51,203 django.request WARNING  Not Found: /favicon.ico
2024-03-20 10:50:02,896 django.utils.autoreload INFO     Watching for file changes with StatReloader
2024-03-20 10:50:11,064 django.request WARNING  Not Found: /favicon.ico
2024-03-20 10:51:33,761 django.request WARNING  Unauthorized: /api/v1/auth/jwt/create
2024-03-20 10:55:24,527 django.request WARNING  Not Found: /api/v1/properties/create/
2024-03-20 10:55:58,525 django.request WARNING  Not Found: /api/v1/properties/create/
2024-03-20 10:57:47,577 django.request WARNING  Not Found: /api/v1/properties/create/
2024-03-20 11:00:37,813 django.request WARNING  Not Found: /favicon.ico
2024-03-20 11:00:45,849 django.request WARNING  Not Found: /favicon.ico
2024-03-20 11:00:52,787 django.request WARNING  Not Found: /favicon.ico
2024-03-20 11:02:00,978 django.utils.autoreload INFO     /home/hunnytaggy/Desktop/All/django_real_estate/estate-src/real_estate/urls.py changed, reloading.
2024-03-20 11:02:01,552 django.utils.autoreload INFO     Watching for file changes with StatReloader
2024-03-20 11:03:44,018 django.request ERROR    Internal Server Error: /api/v1/properties/all/
Traceback (most recent call last):
  File "/home/hunnytaggy/Desktop/All/django_real_estate/estate-src/estateEnv/lib/python3.10/site-packages/django/core/handlers/exception.py", line 55, in inner
    response = get_response(request)
  File "/home/hunnytaggy/Desktop/All/django_real_estate/estate-src/estateEnv/lib/python3.10/site-packages/django/core/handlers/base.py", line 197, in _get_response
    response = wrapped_callback(request, *callback_args, **callback_kwargs)
  File "/home/hunnytaggy/Desktop/All/django_real_estate/estate-src/estateEnv/lib/python3.10/site-packages/django/views/decorators/csrf.py", line 65, in _view_wrapper
    return view_func(request, *args, **kwargs)
  File "/home/hunnytaggy/Desktop/All/django_real_estate/estate-src/estateEnv/lib/python3.10/site-packages/django/views/generic/base.py", line 104, in view
    return self.dispatch(request, *args, **kwargs)
  File "/home/hunnytaggy/Desktop/All/django_real_estate/estate-src/estateEnv/lib/python3.10/site-packages/rest_framework/views.py", line 512, in dispatch
    response = self.handle_exception(exc)
  File "/home/hunnytaggy/Desktop/All/django_real_estate/estate-src/estateEnv/lib/python3.10/site-packages/rest_framework/views.py", line 471, in handle_exception
    self.raise_uncaught_exception(exc)
  File "/home/hunnytaggy/Desktop/All/django_real_estate/estate-src/estateEnv/lib/python3.10/site-packages/rest_framework/views.py", line 482, in raise_uncaught_exception
    raise exc
  File "/home/hunnytaggy/Desktop/All/django_real_estate/estate-src/estateEnv/lib/python3.10/site-packages/rest_framework/views.py", line 509, in dispatch
    response = handler(request, *args, **kwargs)
  File "/home/hunnytaggy/Desktop/All/django_real_estate/estate-src/estateEnv/lib/python3.10/site-packages/rest_framework/generics.py", line 196, in get
    return self.list(request, *args, **kwargs)
  File "/home/hunnytaggy/Desktop/All/django_real_estate/estate-src/estateEnv/lib/python3.10/site-packages/rest_framework/mixins.py", line 48, in list
    return self.get_paginated_response(serializer.data)
  File "/home/hunnytaggy/Desktop/All/django_real_estate/estate-src/estateEnv/lib/python3.10/site-packages/rest_framework/serializers.py", line 846, in data
    ret = super().data
  File "/home/hunnytaggy/Desktop/All/django_real_estate/estate-src/estateEnv/lib/python3.10/site-packages/rest_framework/serializers.py", line 313, in data
    self._data = self.to_representation(self.instance)
  File "/home/hunnytaggy/Desktop/All/django_real_estate/estate-src/estateEnv/lib/python3.10/site-packages/rest_framework/serializers.py", line 770, in to_representation
    return [self.child.to_representation(item) for item in iterable]
  File "/home/hunnytaggy/Desktop/All/django_real_estate/estate-src/estateEnv/lib/python3.10/site-packages/rest_framework/serializers.py", line 770, in <listcomp>
    return [self.child.to_representation(item) for item in iterable]
  File "/home/hunnytaggy/Desktop/All/django_real_estate/estate-src/estateEnv/lib/python3.10/site-packages/rest_framework/serializers.py", line 578, in to_representation
    for field in fields:
  File "/home/hunnytaggy/Desktop/All/django_real_estate/estate-src/estateEnv/lib/python3.10/site-packages/rest_framework/serializers.py", line 431, in _readable_fields
    for field in self.fields.values():
  File "/home/hunnytaggy/Desktop/All/django_real_estate/estate-src/estateEnv/lib/python3.10/site-packages/django/utils/functional.py", line 47, in __get__
    res = instance.__dict__[self.name] = self.func(instance)
  File "/home/hunnytaggy/Desktop/All/django_real_estate/estate-src/estateEnv/lib/python3.10/site-packages/rest_framework/serializers.py", line 419, in fields
    for key, value in self.get_fields().items():
  File "/home/hunnytaggy/Desktop/All/django_real_estate/estate-src/estateEnv/lib/python3.10/site-packages/rest_framework/serializers.py", line 1158, in get_fields
    field_class, field_kwargs = self.build_field(source, info, model, depth)
  File "/home/hunnytaggy/Desktop/All/django_real_estate/estate-src/estateEnv/lib/python3.10/site-packages/rest_framework/serializers.py", line 1296, in build_field
    return self.build_unknown_field(field_name, model_class)
  File "/home/hunnytaggy/Desktop/All/django_real_estate/estate-src/estateEnv/lib/python3.10/site-packages/rest_framework/serializers.py", line 1434, in build_unknown_field
    raise ImproperlyConfigured(
django.core.exceptions.ImproperlyConfigured: Field name `profile_photo` is not valid for model `Property`.
2024-03-20 11:11:03,909 django.utils.autoreload INFO     /home/hunnytaggy/Desktop/All/django_real_estate/estate-src/apps/properties/models.py changed, reloading.
2024-03-20 11:11:04,578 django.utils.autoreload INFO     Watching for file changes with StatReloader
2024-03-20 11:11:41,832 django.utils.autoreload INFO     Watching for file changes with StatReloader
2024-03-20 11:11:49,561 django.request ERROR    Internal Server Error: /api/v1/properties/all/
Traceback (most recent call last):
  File "/home/hunnytaggy/Desktop/All/django_real_estate/estate-src/estateEnv/lib/python3.10/site-packages/django/core/handlers/exception.py", line 55, in inner
    response = get_response(request)
  File "/home/hunnytaggy/Desktop/All/django_real_estate/estate-src/estateEnv/lib/python3.10/site-packages/django/core/handlers/base.py", line 197, in _get_response
    response = wrapped_callback(request, *callback_args, **callback_kwargs)
  File "/home/hunnytaggy/Desktop/All/django_real_estate/estate-src/estateEnv/lib/python3.10/site-packages/django/views/decorators/csrf.py", line 65, in _view_wrapper
    return view_func(request, *args, **kwargs)
  File "/home/hunnytaggy/Desktop/All/django_real_estate/estate-src/estateEnv/lib/python3.10/site-packages/django/views/generic/base.py", line 104, in view
    return self.dispatch(request, *args, **kwargs)
  File "/home/hunnytaggy/Desktop/All/django_real_estate/estate-src/estateEnv/lib/python3.10/site-packages/rest_framework/views.py", line 512, in dispatch
    response = self.handle_exception(exc)
  File "/home/hunnytaggy/Desktop/All/django_real_estate/estate-src/estateEnv/lib/python3.10/site-packages/rest_framework/views.py", line 471, in handle_exception
    self.raise_uncaught_exception(exc)
  File "/home/hunnytaggy/Desktop/All/django_real_estate/estate-src/estateEnv/lib/python3.10/site-packages/rest_framework/views.py", line 482, in raise_uncaught_exception
    raise exc
  File "/home/hunnytaggy/Desktop/All/django_real_estate/estate-src/estateEnv/lib/python3.10/site-packages/rest_framework/views.py", line 509, in dispatch
    response = handler(request, *args, **kwargs)
  File "/home/hunnytaggy/Desktop/All/django_real_estate/estate-src/estateEnv/lib/python3.10/site-packages/rest_framework/generics.py", line 196, in get
    return self.list(request, *args, **kwargs)
  File "/home/hunnytaggy/Desktop/All/django_real_estate/estate-src/estateEnv/lib/python3.10/site-packages/rest_framework/mixins.py", line 48, in list
    return self.get_paginated_response(serializer.data)
  File "/home/hunnytaggy/Desktop/All/django_real_estate/estate-src/estateEnv/lib/python3.10/site-packages/rest_framework/serializers.py", line 846, in data
    ret = super().data
  File "/home/hunnytaggy/Desktop/All/django_real_estate/estate-src/estateEnv/lib/python3.10/site-packages/rest_framework/serializers.py", line 313, in data
    self._data = self.to_representation(self.instance)
  File "/home/hunnytaggy/Desktop/All/django_real_estate/estate-src/estateEnv/lib/python3.10/site-packages/rest_framework/serializers.py", line 770, in to_representation
    return [self.child.to_representation(item) for item in iterable]
  File "/home/hunnytaggy/Desktop/All/django_real_estate/estate-src/estateEnv/lib/python3.10/site-packages/rest_framework/serializers.py", line 770, in <listcomp>
    return [self.child.to_representation(item) for item in iterable]
  File "/home/hunnytaggy/Desktop/All/django_real_estate/estate-src/estateEnv/lib/python3.10/site-packages/rest_framework/serializers.py", line 578, in to_representation
    for field in fields:
  File "/home/hunnytaggy/Desktop/All/django_real_estate/estate-src/estateEnv/lib/python3.10/site-packages/rest_framework/serializers.py", line 431, in _readable_fields
    for field in self.fields.values():
  File "/home/hunnytaggy/Desktop/All/django_real_estate/estate-src/estateEnv/lib/python3.10/site-packages/django/utils/functional.py", line 47, in __get__
    res = instance.__dict__[self.name] = self.func(instance)
  File "/home/hunnytaggy/Desktop/All/django_real_estate/estate-src/estateEnv/lib/python3.10/site-packages/rest_framework/serializers.py", line 419, in fields
    for key, value in self.get_fields().items():
  File "/home/hunnytaggy/Desktop/All/django_real_estate/estate-src/estateEnv/lib/python3.10/site-packages/rest_framework/serializers.py", line 1158, in get_fields
    field_class, field_kwargs = self.build_field(source, info, model, depth)
  File "/home/hunnytaggy/Desktop/All/django_real_estate/estate-src/estateEnv/lib/python3.10/site-packages/rest_framework/serializers.py", line 1296, in build_field
    return self.build_unknown_field(field_name, model_class)
  File "/home/hunnytaggy/Desktop/All/django_real_estate/estate-src/estateEnv/lib/python3.10/site-packages/rest_framework/serializers.py", line 1434, in build_unknown_field
    raise ImproperlyConfigured(
django.core.exceptions.ImproperlyConfigured: Field name `profile_photo` is not valid for model `Property`.
2024-03-20 12:09:14,802 django.utils.autoreload INFO     Watching for file changes with StatReloader
2024-03-20 12:09:21,445 django.request ERROR    Internal Server Error: /api/v1/properties/all/
Traceback (most recent call last):
  File "/home/hunnytaggy/Desktop/All/django_real_estate/estate-src/estateEnv/lib/python3.10/site-packages/django/core/handlers/exception.py", line 55, in inner
    response = get_response(request)
  File "/home/hunnytaggy/Desktop/All/django_real_estate/estate-src/estateEnv/lib/python3.10/site-packages/django/core/handlers/base.py", line 197, in _get_response
    response = wrapped_callback(request, *callback_args, **callback_kwargs)
  File "/home/hunnytaggy/Desktop/All/django_real_estate/estate-src/estateEnv/lib/python3.10/site-packages/django/views/decorators/csrf.py", line 65, in _view_wrapper
    return view_func(request, *args, **kwargs)
  File "/home/hunnytaggy/Desktop/All/django_real_estate/estate-src/estateEnv/lib/python3.10/site-packages/django/views/generic/base.py", line 104, in view
    return self.dispatch(request, *args, **kwargs)
  File "/home/hunnytaggy/Desktop/All/django_real_estate/estate-src/estateEnv/lib/python3.10/site-packages/rest_framework/views.py", line 512, in dispatch
    response = self.handle_exception(exc)
  File "/home/hunnytaggy/Desktop/All/django_real_estate/estate-src/estateEnv/lib/python3.10/site-packages/rest_framework/views.py", line 471, in handle_exception
    self.raise_uncaught_exception(exc)
  File "/home/hunnytaggy/Desktop/All/django_real_estate/estate-src/estateEnv/lib/python3.10/site-packages/rest_framework/views.py", line 482, in raise_uncaught_exception
    raise exc
  File "/home/hunnytaggy/Desktop/All/django_real_estate/estate-src/estateEnv/lib/python3.10/site-packages/rest_framework/views.py", line 509, in dispatch
    response = handler(request, *args, **kwargs)
  File "/home/hunnytaggy/Desktop/All/django_real_estate/estate-src/estateEnv/lib/python3.10/site-packages/rest_framework/generics.py", line 196, in get
    return self.list(request, *args, **kwargs)
  File "/home/hunnytaggy/Desktop/All/django_real_estate/estate-src/estateEnv/lib/python3.10/site-packages/rest_framework/mixins.py", line 48, in list
    return self.get_paginated_response(serializer.data)
  File "/home/hunnytaggy/Desktop/All/django_real_estate/estate-src/estateEnv/lib/python3.10/site-packages/rest_framework/serializers.py", line 846, in data
    ret = super().data
  File "/home/hunnytaggy/Desktop/All/django_real_estate/estate-src/estateEnv/lib/python3.10/site-packages/rest_framework/serializers.py", line 313, in data
    self._data = self.to_representation(self.instance)
  File "/home/hunnytaggy/Desktop/All/django_real_estate/estate-src/estateEnv/lib/python3.10/site-packages/rest_framework/serializers.py", line 770, in to_representation
    return [self.child.to_representation(item) for item in iterable]
  File "/home/hunnytaggy/Desktop/All/django_real_estate/estate-src/estateEnv/lib/python3.10/site-packages/rest_framework/serializers.py", line 770, in <listcomp>
    return [self.child.to_representation(item) for item in iterable]
  File "/home/hunnytaggy/Desktop/All/django_real_estate/estate-src/estateEnv/lib/python3.10/site-packages/rest_framework/serializers.py", line 578, in to_representation
    for field in fields:
  File "/home/hunnytaggy/Desktop/All/django_real_estate/estate-src/estateEnv/lib/python3.10/site-packages/rest_framework/serializers.py", line 431, in _readable_fields
    for field in self.fields.values():
  File "/home/hunnytaggy/Desktop/All/django_real_estate/estate-src/estateEnv/lib/python3.10/site-packages/django/utils/functional.py", line 47, in __get__
    res = instance.__dict__[self.name] = self.func(instance)
  File "/home/hunnytaggy/Desktop/All/django_real_estate/estate-src/estateEnv/lib/python3.10/site-packages/rest_framework/serializers.py", line 419, in fields
    for key, value in self.get_fields().items():
  File "/home/hunnytaggy/Desktop/All/django_real_estate/estate-src/estateEnv/lib/python3.10/site-packages/rest_framework/serializers.py", line 1158, in get_fields
    field_class, field_kwargs = self.build_field(source, info, model, depth)
  File "/home/hunnytaggy/Desktop/All/django_real_estate/estate-src/estateEnv/lib/python3.10/site-packages/rest_framework/serializers.py", line 1296, in build_field
    return self.build_unknown_field(field_name, model_class)
  File "/home/hunnytaggy/Desktop/All/django_real_estate/estate-src/estateEnv/lib/python3.10/site-packages/rest_framework/serializers.py", line 1434, in build_unknown_field
    raise ImproperlyConfigured(
django.core.exceptions.ImproperlyConfigured: Field name `profile_photo` is not valid for model `Property`.
2024-03-20 12:11:35,410 django.utils.autoreload INFO     /home/hunnytaggy/Desktop/All/django_real_estate/estate-src/apps/properties/serializers.py changed, reloading.
2024-03-20 12:11:36,040 django.utils.autoreload INFO     Watching for file changes with StatReloader
2024-03-20 12:11:43,841 django.request ERROR    Internal Server Error: /api/v1/properties/all/
Traceback (most recent call last):
  File "/home/hunnytaggy/Desktop/All/django_real_estate/estate-src/estateEnv/lib/python3.10/site-packages/django/core/handlers/exception.py", line 55, in inner
    response = get_response(request)
  File "/home/hunnytaggy/Desktop/All/django_real_estate/estate-src/estateEnv/lib/python3.10/site-packages/django/core/handlers/base.py", line 197, in _get_response
    response = wrapped_callback(request, *callback_args, **callback_kwargs)
  File "/home/hunnytaggy/Desktop/All/django_real_estate/estate-src/estateEnv/lib/python3.10/site-packages/django/views/decorators/csrf.py", line 65, in _view_wrapper
    return view_func(request, *args, **kwargs)
  File "/home/hunnytaggy/Desktop/All/django_real_estate/estate-src/estateEnv/lib/python3.10/site-packages/django/views/generic/base.py", line 104, in view
    return self.dispatch(request, *args, **kwargs)
  File "/home/hunnytaggy/Desktop/All/django_real_estate/estate-src/estateEnv/lib/python3.10/site-packages/rest_framework/views.py", line 512, in dispatch
    response = self.handle_exception(exc)
  File "/home/hunnytaggy/Desktop/All/django_real_estate/estate-src/estateEnv/lib/python3.10/site-packages/rest_framework/views.py", line 471, in handle_exception
    self.raise_uncaught_exception(exc)
  File "/home/hunnytaggy/Desktop/All/django_real_estate/estate-src/estateEnv/lib/python3.10/site-packages/rest_framework/views.py", line 482, in raise_uncaught_exception
    raise exc
  File "/home/hunnytaggy/Desktop/All/django_real_estate/estate-src/estateEnv/lib/python3.10/site-packages/rest_framework/views.py", line 509, in dispatch
    response = handler(request, *args, **kwargs)
  File "/home/hunnytaggy/Desktop/All/django_real_estate/estate-src/estateEnv/lib/python3.10/site-packages/rest_framework/generics.py", line 196, in get
    return self.list(request, *args, **kwargs)
  File "/home/hunnytaggy/Desktop/All/django_real_estate/estate-src/estateEnv/lib/python3.10/site-packages/rest_framework/mixins.py", line 48, in list
    return self.get_paginated_response(serializer.data)
  File "/home/hunnytaggy/Desktop/All/django_real_estate/estate-src/estateEnv/lib/python3.10/site-packages/rest_framework/serializers.py", line 846, in data
    ret = super().data
  File "/home/hunnytaggy/Desktop/All/django_real_estate/estate-src/estateEnv/lib/python3.10/site-packages/rest_framework/serializers.py", line 313, in data
    self._data = self.to_representation(self.instance)
  File "/home/hunnytaggy/Desktop/All/django_real_estate/estate-src/estateEnv/lib/python3.10/site-packages/rest_framework/serializers.py", line 770, in to_representation
    return [self.child.to_representation(item) for item in iterable]
  File "/home/hunnytaggy/Desktop/All/django_real_estate/estate-src/estateEnv/lib/python3.10/site-packages/rest_framework/serializers.py", line 770, in <listcomp>
    return [self.child.to_representation(item) for item in iterable]
  File "/home/hunnytaggy/Desktop/All/django_real_estate/estate-src/estateEnv/lib/python3.10/site-packages/rest_framework/serializers.py", line 580, in to_representation
    attribute = field.get_attribute(instance)
  File "/home/hunnytaggy/Desktop/All/django_real_estate/estate-src/estateEnv/lib/python3.10/site-packages/rest_framework/fields.py", line 486, in get_attribute
    return get_attribute(instance, self.source_attrs)
  File "/home/hunnytaggy/Desktop/All/django_real_estate/estate-src/estateEnv/lib/python3.10/site-packages/rest_framework/fields.py", line 112, in get_attribute
    instance = getattr(instance, attr)
  File "/home/hunnytaggy/Desktop/All/django_real_estate/estate-src/apps/properties/models.py", line 210, in final_property_price
    price_after_tax = float(property_price + tax_amount, 2)
TypeError: float expected at most 1 argument, got 2
2024-03-20 12:13:29,320 django.utils.autoreload INFO     /home/hunnytaggy/Desktop/All/django_real_estate/estate-src/apps/properties/models.py changed, reloading.
2024-03-20 12:13:29,861 django.utils.autoreload INFO     Watching for file changes with StatReloader
2024-03-20 12:20:59,162 django.request ERROR    Internal Server Error: /api/v1/properties/details/your-property-slug/
Traceback (most recent call last):
  File "/home/hunnytaggy/Desktop/All/django_real_estate/estate-src/estateEnv/lib/python3.10/site-packages/django/core/handlers/exception.py", line 55, in inner
    response = get_response(request)
  File "/home/hunnytaggy/Desktop/All/django_real_estate/estate-src/estateEnv/lib/python3.10/site-packages/django/core/handlers/base.py", line 197, in _get_response
    response = wrapped_callback(request, *callback_args, **callback_kwargs)
  File "/home/hunnytaggy/Desktop/All/django_real_estate/estate-src/estateEnv/lib/python3.10/site-packages/django/views/decorators/csrf.py", line 65, in _view_wrapper
    return view_func(request, *args, **kwargs)
  File "/home/hunnytaggy/Desktop/All/django_real_estate/estate-src/estateEnv/lib/python3.10/site-packages/django/views/generic/base.py", line 104, in view
    return self.dispatch(request, *args, **kwargs)
  File "/home/hunnytaggy/Desktop/All/django_real_estate/estate-src/estateEnv/lib/python3.10/site-packages/rest_framework/views.py", line 512, in dispatch
    response = self.handle_exception(exc)
  File "/home/hunnytaggy/Desktop/All/django_real_estate/estate-src/estateEnv/lib/python3.10/site-packages/rest_framework/views.py", line 471, in handle_exception
    self.raise_uncaught_exception(exc)
  File "/home/hunnytaggy/Desktop/All/django_real_estate/estate-src/estateEnv/lib/python3.10/site-packages/rest_framework/views.py", line 482, in raise_uncaught_exception
    raise exc
  File "/home/hunnytaggy/Desktop/All/django_real_estate/estate-src/estateEnv/lib/python3.10/site-packages/rest_framework/views.py", line 509, in dispatch
    response = handler(request, *args, **kwargs)
  File "/home/hunnytaggy/Desktop/All/django_real_estate/estate-src/apps/properties/views.py", line 73, in get
    property = Property.objects.get(slug=slug)
  File "/home/hunnytaggy/Desktop/All/django_real_estate/estate-src/estateEnv/lib/python3.10/site-packages/django/db/models/manager.py", line 87, in manager_method
    return getattr(self.get_queryset(), name)(*args, **kwargs)
  File "/home/hunnytaggy/Desktop/All/django_real_estate/estate-src/estateEnv/lib/python3.10/site-packages/django/db/models/query.py", line 649, in get
    raise self.model.DoesNotExist(
apps.properties.models.Property.DoesNotExist: Property matching query does not exist.
2024-03-20 12:25:00,702 django.request WARNING  Forbidden: /api/v1/properties/update/test-property/
2024-03-20 12:28:50,278 django.request WARNING  Method Not Allowed: /api/v1/properties/delete/my-very-big-property/
2024-03-20 12:47:51,393 django.utils.autoreload INFO     Watching for file changes with StatReloader
2024-03-20 12:48:15,414 django.request WARNING  Not Found: /favicon.ico
2024-03-20 12:48:25,825 django.request WARNING  Not Found: /favicon.ico
2024-03-20 12:53:15,711 django.request WARNING  Not Found: /favicon.ico
2024-03-20 12:53:19,355 django.request WARNING  Not Found: /favicon.ico
2024-03-20 12:55:30,103 django.request WARNING  Not Found: /api/v1/properties/agents/	1448297a-528e-483d-af43-20386efeef94/
2024-03-20 12:56:02,127 django.request WARNING  Not Found: /api/v1/properties/agents/	1448297a-528e-483d-af43-20386efeef94/
2024-03-20 12:59:55,947 django.request WARNING  Unauthorized: /api/v1/enquiries/
2024-03-21 12:38:18,515 django.utils.autoreload INFO     Watching for file changes with StatReloader
2024-03-21 12:41:09,153 django.request WARNING  Not Found: /favicon.ico
