2024-03-14 13:48:34,741 django.utils.autoreload INFO     Watching for file changes with StatReloader
2024-03-14 13:49:10,238 django.utils.autoreload INFO     Watching for file changes with StatReloader
2024-03-14 14:00:07,927 django.utils.autoreload INFO     Watching for file changes with StatReloader
2024-03-14 14:00:20,338 django.request WARNING  Not Found: /
2024-03-14 16:09:30,455 django.utils.autoreload INFO     Watching for file changes with StatReloader
2024-03-14 16:11:20,039 django.request ERROR    Internal Server Error: /supersecret/profiles/profile/
Traceback (most recent call last):
  File "/home/hunnytaggy/Desktop/All/django_real_estate/estate-src/estateEnv/lib/python3.10/site-packages/django/db/models/options.py", line 681, in get_field
    return self.fields_map[field_name]
KeyError: 'action_checkbox'

During handling of the above exception, another exception occurred:

Traceback (most recent call last):
  File "/home/hunnytaggy/Desktop/All/django_real_estate/estate-src/estateEnv/lib/python3.10/site-packages/django/contrib/admin/utils.py", line 289, in lookup_field
    f = _get_non_gfk_field(opts, name)
  File "/home/hunnytaggy/Desktop/All/django_real_estate/estate-src/estateEnv/lib/python3.10/site-packages/django/contrib/admin/utils.py", line 322, in _get_non_gfk_field
    field = opts.get_field(name)
  File "/home/hunnytaggy/Desktop/All/django_real_estate/estate-src/estateEnv/lib/python3.10/site-packages/django/db/models/options.py", line 683, in get_field
    raise FieldDoesNotExist(
django.core.exceptions.FieldDoesNotExist: Profile has no field named 'action_checkbox'

During handling of the above exception, another exception occurred:

Traceback (most recent call last):
  File "/home/hunnytaggy/Desktop/All/django_real_estate/estate-src/estateEnv/lib/python3.10/site-packages/django/core/handlers/exception.py", line 55, in inner
    response = get_response(request)
  File "/home/hunnytaggy/Desktop/All/django_real_estate/estate-src/estateEnv/lib/python3.10/site-packages/django/core/handlers/base.py", line 220, in _get_response
    response = response.render()
  File "/home/hunnytaggy/Desktop/All/django_real_estate/estate-src/estateEnv/lib/python3.10/site-packages/django/template/response.py", line 114, in render
    self.content = self.rendered_content
  File "/home/hunnytaggy/Desktop/All/django_real_estate/estate-src/estateEnv/lib/python3.10/site-packages/django/template/response.py", line 92, in rendered_content
    return template.render(context, self._request)
  File "/home/hunnytaggy/Desktop/All/django_real_estate/estate-src/estateEnv/lib/python3.10/site-packages/django/template/backends/django.py", line 61, in render
    return self.template.render(context)
  File "/home/hunnytaggy/Desktop/All/django_real_estate/estate-src/estateEnv/lib/python3.10/site-packages/django/template/base.py", line 171, in render
    return self._render(context)
  File "/home/hunnytaggy/Desktop/All/django_real_estate/estate-src/estateEnv/lib/python3.10/site-packages/django/template/base.py", line 163, in _render
    return self.nodelist.render(context)
  File "/home/hunnytaggy/Desktop/All/django_real_estate/estate-src/estateEnv/lib/python3.10/site-packages/django/template/base.py", line 1000, in render
    return SafeString("".join([node.render_annotated(context) for node in self]))
  File "/home/hunnytaggy/Desktop/All/django_real_estate/estate-src/estateEnv/lib/python3.10/site-packages/django/template/base.py", line 1000, in <listcomp>
    return SafeString("".join([node.render_annotated(context) for node in self]))
  File "/home/hunnytaggy/Desktop/All/django_real_estate/estate-src/estateEnv/lib/python3.10/site-packages/django/template/base.py", line 961, in render_annotated
    return self.render(context)
  File "/home/hunnytaggy/Desktop/All/django_real_estate/estate-src/estateEnv/lib/python3.10/site-packages/django/template/loader_tags.py", line 159, in render
    return compiled_parent._render(context)
  File "/home/hunnytaggy/Desktop/All/django_real_estate/estate-src/estateEnv/lib/python3.10/site-packages/django/template/base.py", line 163, in _render
    return self.nodelist.render(context)
  File "/home/hunnytaggy/Desktop/All/django_real_estate/estate-src/estateEnv/lib/python3.10/site-packages/django/template/base.py", line 1000, in render
    return SafeString("".join([node.render_annotated(context) for node in self]))
  File "/home/hunnytaggy/Desktop/All/django_real_estate/estate-src/estateEnv/lib/python3.10/site-packages/django/template/base.py", line 1000, in <listcomp>
    return SafeString("".join([node.render_annotated(context) for node in self]))
  File "/home/hunnytaggy/Desktop/All/django_real_estate/estate-src/estateEnv/lib/python3.10/site-packages/django/template/base.py", line 961, in render_annotated
    return self.render(context)
  File "/home/hunnytaggy/Desktop/All/django_real_estate/estate-src/estateEnv/lib/python3.10/site-packages/django/template/loader_tags.py", line 159, in render
    return compiled_parent._render(context)
  File "/home/hunnytaggy/Desktop/All/django_real_estate/estate-src/estateEnv/lib/python3.10/site-packages/django/template/base.py", line 163, in _render
    return self.nodelist.render(context)
  File "/home/hunnytaggy/Desktop/All/django_real_estate/estate-src/estateEnv/lib/python3.10/site-packages/django/template/base.py", line 1000, in render
    return SafeString("".join([node.render_annotated(context) for node in self]))
  File "/home/hunnytaggy/Desktop/All/django_real_estate/estate-src/estateEnv/lib/python3.10/site-packages/django/template/base.py", line 1000, in <listcomp>
    return SafeString("".join([node.render_annotated(context) for node in self]))
  File "/home/hunnytaggy/Desktop/All/django_real_estate/estate-src/estateEnv/lib/python3.10/site-packages/django/template/base.py", line 961, in render_annotated
    return self.render(context)
  File "/home/hunnytaggy/Desktop/All/django_real_estate/estate-src/estateEnv/lib/python3.10/site-packages/django/template/loader_tags.py", line 65, in render
    result = block.nodelist.render(context)
  File "/home/hunnytaggy/Desktop/All/django_real_estate/estate-src/estateEnv/lib/python3.10/site-packages/django/template/base.py", line 1000, in render
    return SafeString("".join([node.render_annotated(context) for node in self]))
  File "/home/hunnytaggy/Desktop/All/django_real_estate/estate-src/estateEnv/lib/python3.10/site-packages/django/template/base.py", line 1000, in <listcomp>
    return SafeString("".join([node.render_annotated(context) for node in self]))
  File "/home/hunnytaggy/Desktop/All/django_real_estate/estate-src/estateEnv/lib/python3.10/site-packages/django/template/base.py", line 961, in render_annotated
    return self.render(context)
  File "/home/hunnytaggy/Desktop/All/django_real_estate/estate-src/estateEnv/lib/python3.10/site-packages/django/template/loader_tags.py", line 65, in render
    result = block.nodelist.render(context)
  File "/home/hunnytaggy/Desktop/All/django_real_estate/estate-src/estateEnv/lib/python3.10/site-packages/django/template/base.py", line 1000, in render
    return SafeString("".join([node.render_annotated(context) for node in self]))
  File "/home/hunnytaggy/Desktop/All/django_real_estate/estate-src/estateEnv/lib/python3.10/site-packages/django/template/base.py", line 1000, in <listcomp>
    return SafeString("".join([node.render_annotated(context) for node in self]))
  File "/home/hunnytaggy/Desktop/All/django_real_estate/estate-src/estateEnv/lib/python3.10/site-packages/django/template/base.py", line 961, in render_annotated
    return self.render(context)
  File "/home/hunnytaggy/Desktop/All/django_real_estate/estate-src/estateEnv/lib/python3.10/site-packages/django/contrib/admin/templatetags/base.py", line 45, in render
    return super().render(context)
  File "/home/hunnytaggy/Desktop/All/django_real_estate/estate-src/estateEnv/lib/python3.10/site-packages/django/template/library.py", line 258, in render
    _dict = self.func(*resolved_args, **resolved_kwargs)
  File "/home/hunnytaggy/Desktop/All/django_real_estate/estate-src/estateEnv/lib/python3.10/site-packages/django/contrib/admin/templatetags/admin_list.py", line 345, in result_list
    "results": list(results(cl)),
  File "/home/hunnytaggy/Desktop/All/django_real_estate/estate-src/estateEnv/lib/python3.10/site-packages/django/contrib/admin/templatetags/admin_list.py", line 321, in results
    yield ResultList(None, items_for_result(cl, res, None))
  File "/home/hunnytaggy/Desktop/All/django_real_estate/estate-src/estateEnv/lib/python3.10/site-packages/django/contrib/admin/templatetags/admin_list.py", line 312, in __init__
    super().__init__(*items)
  File "/home/hunnytaggy/Desktop/All/django_real_estate/estate-src/estateEnv/lib/python3.10/site-packages/django/contrib/admin/templatetags/admin_list.py", line 217, in items_for_result
    f, attr, value = lookup_field(field_name, result, cl.model_admin)
  File "/home/hunnytaggy/Desktop/All/django_real_estate/estate-src/estateEnv/lib/python3.10/site-packages/django/contrib/admin/utils.py", line 298, in lookup_field
    value = attr(obj)
  File "/home/hunnytaggy/Desktop/All/django_real_estate/estate-src/estateEnv/lib/python3.10/site-packages/django/contrib/admin/options.py", line 999, in action_checkbox
    "aria-label": format_html(_("Select this object for an action - {}"), obj),
  File "/home/hunnytaggy/Desktop/All/django_real_estate/estate-src/estateEnv/lib/python3.10/site-packages/django/utils/html.py", line 135, in format_html
    return mark_safe(format_string.format(*args_safe, **kwargs_safe))
  File "/home/hunnytaggy/Desktop/All/django_real_estate/estate-src/estateEnv/lib/python3.10/site-packages/django/utils/html.py", line 117, in conditional_escape
    return escape(text)
  File "/home/hunnytaggy/Desktop/All/django_real_estate/estate-src/estateEnv/lib/python3.10/site-packages/django/utils/functional.py", line 231, in wrapper
    return func(*args, **kwargs)
  File "/home/hunnytaggy/Desktop/All/django_real_estate/estate-src/estateEnv/lib/python3.10/site-packages/django/utils/html.py", line 50, in escape
    return SafeString(html.escape(str(text)))
  File "/home/hunnytaggy/Desktop/All/django_real_estate/estate-src/apps/profiles/models.py", line 33, in __str__
    return f"{self.user.usernames}'s profile"
AttributeError: 'User' object has no attribute 'usernames'
2024-03-14 16:11:35,851 django.request ERROR    Internal Server Error: /supersecret/profiles/profile/
Traceback (most recent call last):
  File "/home/hunnytaggy/Desktop/All/django_real_estate/estate-src/estateEnv/lib/python3.10/site-packages/django/db/models/options.py", line 681, in get_field
    return self.fields_map[field_name]
KeyError: 'action_checkbox'

During handling of the above exception, another exception occurred:

Traceback (most recent call last):
  File "/home/hunnytaggy/Desktop/All/django_real_estate/estate-src/estateEnv/lib/python3.10/site-packages/django/contrib/admin/utils.py", line 289, in lookup_field
    f = _get_non_gfk_field(opts, name)
  File "/home/hunnytaggy/Desktop/All/django_real_estate/estate-src/estateEnv/lib/python3.10/site-packages/django/contrib/admin/utils.py", line 322, in _get_non_gfk_field
    field = opts.get_field(name)
  File "/home/hunnytaggy/Desktop/All/django_real_estate/estate-src/estateEnv/lib/python3.10/site-packages/django/db/models/options.py", line 683, in get_field
    raise FieldDoesNotExist(
django.core.exceptions.FieldDoesNotExist: Profile has no field named 'action_checkbox'

During handling of the above exception, another exception occurred:

Traceback (most recent call last):
  File "/home/hunnytaggy/Desktop/All/django_real_estate/estate-src/estateEnv/lib/python3.10/site-packages/django/core/handlers/exception.py", line 55, in inner
    response = get_response(request)
  File "/home/hunnytaggy/Desktop/All/django_real_estate/estate-src/estateEnv/lib/python3.10/site-packages/django/core/handlers/base.py", line 220, in _get_response
    response = response.render()
  File "/home/hunnytaggy/Desktop/All/django_real_estate/estate-src/estateEnv/lib/python3.10/site-packages/django/template/response.py", line 114, in render
    self.content = self.rendered_content
  File "/home/hunnytaggy/Desktop/All/django_real_estate/estate-src/estateEnv/lib/python3.10/site-packages/django/template/response.py", line 92, in rendered_content
    return template.render(context, self._request)
  File "/home/hunnytaggy/Desktop/All/django_real_estate/estate-src/estateEnv/lib/python3.10/site-packages/django/template/backends/django.py", line 61, in render
    return self.template.render(context)
  File "/home/hunnytaggy/Desktop/All/django_real_estate/estate-src/estateEnv/lib/python3.10/site-packages/django/template/base.py", line 171, in render
    return self._render(context)
  File "/home/hunnytaggy/Desktop/All/django_real_estate/estate-src/estateEnv/lib/python3.10/site-packages/django/template/base.py", line 163, in _render
    return self.nodelist.render(context)
  File "/home/hunnytaggy/Desktop/All/django_real_estate/estate-src/estateEnv/lib/python3.10/site-packages/django/template/base.py", line 1000, in render
    return SafeString("".join([node.render_annotated(context) for node in self]))
  File "/home/hunnytaggy/Desktop/All/django_real_estate/estate-src/estateEnv/lib/python3.10/site-packages/django/template/base.py", line 1000, in <listcomp>
    return SafeString("".join([node.render_annotated(context) for node in self]))
  File "/home/hunnytaggy/Desktop/All/django_real_estate/estate-src/estateEnv/lib/python3.10/site-packages/django/template/base.py", line 961, in render_annotated
    return self.render(context)
  File "/home/hunnytaggy/Desktop/All/django_real_estate/estate-src/estateEnv/lib/python3.10/site-packages/django/template/loader_tags.py", line 159, in render
    return compiled_parent._render(context)
  File "/home/hunnytaggy/Desktop/All/django_real_estate/estate-src/estateEnv/lib/python3.10/site-packages/django/template/base.py", line 163, in _render
    return self.nodelist.render(context)
  File "/home/hunnytaggy/Desktop/All/django_real_estate/estate-src/estateEnv/lib/python3.10/site-packages/django/template/base.py", line 1000, in render
    return SafeString("".join([node.render_annotated(context) for node in self]))
  File "/home/hunnytaggy/Desktop/All/django_real_estate/estate-src/estateEnv/lib/python3.10/site-packages/django/template/base.py", line 1000, in <listcomp>
    return SafeString("".join([node.render_annotated(context) for node in self]))
  File "/home/hunnytaggy/Desktop/All/django_real_estate/estate-src/estateEnv/lib/python3.10/site-packages/django/template/base.py", line 961, in render_annotated
    return self.render(context)
  File "/home/hunnytaggy/Desktop/All/django_real_estate/estate-src/estateEnv/lib/python3.10/site-packages/django/template/loader_tags.py", line 159, in render
    return compiled_parent._render(context)
  File "/home/hunnytaggy/Desktop/All/django_real_estate/estate-src/estateEnv/lib/python3.10/site-packages/django/template/base.py", line 163, in _render
    return self.nodelist.render(context)
  File "/home/hunnytaggy/Desktop/All/django_real_estate/estate-src/estateEnv/lib/python3.10/site-packages/django/template/base.py", line 1000, in render
    return SafeString("".join([node.render_annotated(context) for node in self]))
  File "/home/hunnytaggy/Desktop/All/django_real_estate/estate-src/estateEnv/lib/python3.10/site-packages/django/template/base.py", line 1000, in <listcomp>
    return SafeString("".join([node.render_annotated(context) for node in self]))
  File "/home/hunnytaggy/Desktop/All/django_real_estate/estate-src/estateEnv/lib/python3.10/site-packages/django/template/base.py", line 961, in render_annotated
    return self.render(context)
  File "/home/hunnytaggy/Desktop/All/django_real_estate/estate-src/estateEnv/lib/python3.10/site-packages/django/template/loader_tags.py", line 65, in render
    result = block.nodelist.render(context)
  File "/home/hunnytaggy/Desktop/All/django_real_estate/estate-src/estateEnv/lib/python3.10/site-packages/django/template/base.py", line 1000, in render
    return SafeString("".join([node.render_annotated(context) for node in self]))
  File "/home/hunnytaggy/Desktop/All/django_real_estate/estate-src/estateEnv/lib/python3.10/site-packages/django/template/base.py", line 1000, in <listcomp>
    return SafeString("".join([node.render_annotated(context) for node in self]))
  File "/home/hunnytaggy/Desktop/All/django_real_estate/estate-src/estateEnv/lib/python3.10/site-packages/django/template/base.py", line 961, in render_annotated
    return self.render(context)
  File "/home/hunnytaggy/Desktop/All/django_real_estate/estate-src/estateEnv/lib/python3.10/site-packages/django/template/loader_tags.py", line 65, in render
    result = block.nodelist.render(context)
  File "/home/hunnytaggy/Desktop/All/django_real_estate/estate-src/estateEnv/lib/python3.10/site-packages/django/template/base.py", line 1000, in render
    return SafeString("".join([node.render_annotated(context) for node in self]))
  File "/home/hunnytaggy/Desktop/All/django_real_estate/estate-src/estateEnv/lib/python3.10/site-packages/django/template/base.py", line 1000, in <listcomp>
    return SafeString("".join([node.render_annotated(context) for node in self]))
  File "/home/hunnytaggy/Desktop/All/django_real_estate/estate-src/estateEnv/lib/python3.10/site-packages/django/template/base.py", line 961, in render_annotated
    return self.render(context)
  File "/home/hunnytaggy/Desktop/All/django_real_estate/estate-src/estateEnv/lib/python3.10/site-packages/django/contrib/admin/templatetags/base.py", line 45, in render
    return super().render(context)
  File "/home/hunnytaggy/Desktop/All/django_real_estate/estate-src/estateEnv/lib/python3.10/site-packages/django/template/library.py", line 258, in render
    _dict = self.func(*resolved_args, **resolved_kwargs)
  File "/home/hunnytaggy/Desktop/All/django_real_estate/estate-src/estateEnv/lib/python3.10/site-packages/django/contrib/admin/templatetags/admin_list.py", line 345, in result_list
    "results": list(results(cl)),
  File "/home/hunnytaggy/Desktop/All/django_real_estate/estate-src/estateEnv/lib/python3.10/site-packages/django/contrib/admin/templatetags/admin_list.py", line 321, in results
    yield ResultList(None, items_for_result(cl, res, None))
  File "/home/hunnytaggy/Desktop/All/django_real_estate/estate-src/estateEnv/lib/python3.10/site-packages/django/contrib/admin/templatetags/admin_list.py", line 312, in __init__
    super().__init__(*items)
  File "/home/hunnytaggy/Desktop/All/django_real_estate/estate-src/estateEnv/lib/python3.10/site-packages/django/contrib/admin/templatetags/admin_list.py", line 217, in items_for_result
    f, attr, value = lookup_field(field_name, result, cl.model_admin)
  File "/home/hunnytaggy/Desktop/All/django_real_estate/estate-src/estateEnv/lib/python3.10/site-packages/django/contrib/admin/utils.py", line 298, in lookup_field
    value = attr(obj)
  File "/home/hunnytaggy/Desktop/All/django_real_estate/estate-src/estateEnv/lib/python3.10/site-packages/django/contrib/admin/options.py", line 999, in action_checkbox
    "aria-label": format_html(_("Select this object for an action - {}"), obj),
  File "/home/hunnytaggy/Desktop/All/django_real_estate/estate-src/estateEnv/lib/python3.10/site-packages/django/utils/html.py", line 135, in format_html
    return mark_safe(format_string.format(*args_safe, **kwargs_safe))
  File "/home/hunnytaggy/Desktop/All/django_real_estate/estate-src/estateEnv/lib/python3.10/site-packages/django/utils/html.py", line 117, in conditional_escape
    return escape(text)
  File "/home/hunnytaggy/Desktop/All/django_real_estate/estate-src/estateEnv/lib/python3.10/site-packages/django/utils/functional.py", line 231, in wrapper
    return func(*args, **kwargs)
  File "/home/hunnytaggy/Desktop/All/django_real_estate/estate-src/estateEnv/lib/python3.10/site-packages/django/utils/html.py", line 50, in escape
    return SafeString(html.escape(str(text)))
  File "/home/hunnytaggy/Desktop/All/django_real_estate/estate-src/apps/profiles/models.py", line 33, in __str__
    return f"{self.user.usernames}'s profile"
AttributeError: 'User' object has no attribute 'usernames'
2024-03-14 16:12:03,842 django.request WARNING  Not Found: /favicon.ico
2024-03-14 16:12:57,907 django.request ERROR    Internal Server Error: /supersecret/profiles/profile/
Traceback (most recent call last):
  File "/home/hunnytaggy/Desktop/All/django_real_estate/estate-src/estateEnv/lib/python3.10/site-packages/django/db/models/options.py", line 681, in get_field
    return self.fields_map[field_name]
KeyError: 'action_checkbox'

During handling of the above exception, another exception occurred:

Traceback (most recent call last):
  File "/home/hunnytaggy/Desktop/All/django_real_estate/estate-src/estateEnv/lib/python3.10/site-packages/django/contrib/admin/utils.py", line 289, in lookup_field
    f = _get_non_gfk_field(opts, name)
  File "/home/hunnytaggy/Desktop/All/django_real_estate/estate-src/estateEnv/lib/python3.10/site-packages/django/contrib/admin/utils.py", line 322, in _get_non_gfk_field
    field = opts.get_field(name)
  File "/home/hunnytaggy/Desktop/All/django_real_estate/estate-src/estateEnv/lib/python3.10/site-packages/django/db/models/options.py", line 683, in get_field
    raise FieldDoesNotExist(
django.core.exceptions.FieldDoesNotExist: Profile has no field named 'action_checkbox'

During handling of the above exception, another exception occurred:

Traceback (most recent call last):
  File "/home/hunnytaggy/Desktop/All/django_real_estate/estate-src/estateEnv/lib/python3.10/site-packages/django/core/handlers/exception.py", line 55, in inner
    response = get_response(request)
  File "/home/hunnytaggy/Desktop/All/django_real_estate/estate-src/estateEnv/lib/python3.10/site-packages/django/core/handlers/base.py", line 220, in _get_response
    response = response.render()
  File "/home/hunnytaggy/Desktop/All/django_real_estate/estate-src/estateEnv/lib/python3.10/site-packages/django/template/response.py", line 114, in render
    self.content = self.rendered_content
  File "/home/hunnytaggy/Desktop/All/django_real_estate/estate-src/estateEnv/lib/python3.10/site-packages/django/template/response.py", line 92, in rendered_content
    return template.render(context, self._request)
  File "/home/hunnytaggy/Desktop/All/django_real_estate/estate-src/estateEnv/lib/python3.10/site-packages/django/template/backends/django.py", line 61, in render
    return self.template.render(context)
  File "/home/hunnytaggy/Desktop/All/django_real_estate/estate-src/estateEnv/lib/python3.10/site-packages/django/template/base.py", line 171, in render
    return self._render(context)
  File "/home/hunnytaggy/Desktop/All/django_real_estate/estate-src/estateEnv/lib/python3.10/site-packages/django/template/base.py", line 163, in _render
    return self.nodelist.render(context)
  File "/home/hunnytaggy/Desktop/All/django_real_estate/estate-src/estateEnv/lib/python3.10/site-packages/django/template/base.py", line 1000, in render
    return SafeString("".join([node.render_annotated(context) for node in self]))
  File "/home/hunnytaggy/Desktop/All/django_real_estate/estate-src/estateEnv/lib/python3.10/site-packages/django/template/base.py", line 1000, in <listcomp>
    return SafeString("".join([node.render_annotated(context) for node in self]))
  File "/home/hunnytaggy/Desktop/All/django_real_estate/estate-src/estateEnv/lib/python3.10/site-packages/django/template/base.py", line 961, in render_annotated
    return self.render(context)
  File "/home/hunnytaggy/Desktop/All/django_real_estate/estate-src/estateEnv/lib/python3.10/site-packages/django/template/loader_tags.py", line 159, in render
    return compiled_parent._render(context)
  File "/home/hunnytaggy/Desktop/All/django_real_estate/estate-src/estateEnv/lib/python3.10/site-packages/django/template/base.py", line 163, in _render
    return self.nodelist.render(context)
  File "/home/hunnytaggy/Desktop/All/django_real_estate/estate-src/estateEnv/lib/python3.10/site-packages/django/template/base.py", line 1000, in render
    return SafeString("".join([node.render_annotated(context) for node in self]))
  File "/home/hunnytaggy/Desktop/All/django_real_estate/estate-src/estateEnv/lib/python3.10/site-packages/django/template/base.py", line 1000, in <listcomp>
    return SafeString("".join([node.render_annotated(context) for node in self]))
  File "/home/hunnytaggy/Desktop/All/django_real_estate/estate-src/estateEnv/lib/python3.10/site-packages/django/template/base.py", line 961, in render_annotated
    return self.render(context)
  File "/home/hunnytaggy/Desktop/All/django_real_estate/estate-src/estateEnv/lib/python3.10/site-packages/django/template/loader_tags.py", line 159, in render
    return compiled_parent._render(context)
  File "/home/hunnytaggy/Desktop/All/django_real_estate/estate-src/estateEnv/lib/python3.10/site-packages/django/template/base.py", line 163, in _render
    return self.nodelist.render(context)
  File "/home/hunnytaggy/Desktop/All/django_real_estate/estate-src/estateEnv/lib/python3.10/site-packages/django/template/base.py", line 1000, in render
    return SafeString("".join([node.render_annotated(context) for node in self]))
  File "/home/hunnytaggy/Desktop/All/django_real_estate/estate-src/estateEnv/lib/python3.10/site-packages/django/template/base.py", line 1000, in <listcomp>
    return SafeString("".join([node.render_annotated(context) for node in self]))
  File "/home/hunnytaggy/Desktop/All/django_real_estate/estate-src/estateEnv/lib/python3.10/site-packages/django/template/base.py", line 961, in render_annotated
    return self.render(context)
  File "/home/hunnytaggy/Desktop/All/django_real_estate/estate-src/estateEnv/lib/python3.10/site-packages/django/template/loader_tags.py", line 65, in render
    result = block.nodelist.render(context)
  File "/home/hunnytaggy/Desktop/All/django_real_estate/estate-src/estateEnv/lib/python3.10/site-packages/django/template/base.py", line 1000, in render
    return SafeString("".join([node.render_annotated(context) for node in self]))
  File "/home/hunnytaggy/Desktop/All/django_real_estate/estate-src/estateEnv/lib/python3.10/site-packages/django/template/base.py", line 1000, in <listcomp>
    return SafeString("".join([node.render_annotated(context) for node in self]))
  File "/home/hunnytaggy/Desktop/All/django_real_estate/estate-src/estateEnv/lib/python3.10/site-packages/django/template/base.py", line 961, in render_annotated
    return self.render(context)
  File "/home/hunnytaggy/Desktop/All/django_real_estate/estate-src/estateEnv/lib/python3.10/site-packages/django/template/loader_tags.py", line 65, in render
    result = block.nodelist.render(context)
  File "/home/hunnytaggy/Desktop/All/django_real_estate/estate-src/estateEnv/lib/python3.10/site-packages/django/template/base.py", line 1000, in render
    return SafeString("".join([node.render_annotated(context) for node in self]))
  File "/home/hunnytaggy/Desktop/All/django_real_estate/estate-src/estateEnv/lib/python3.10/site-packages/django/template/base.py", line 1000, in <listcomp>
    return SafeString("".join([node.render_annotated(context) for node in self]))
  File "/home/hunnytaggy/Desktop/All/django_real_estate/estate-src/estateEnv/lib/python3.10/site-packages/django/template/base.py", line 961, in render_annotated
    return self.render(context)
  File "/home/hunnytaggy/Desktop/All/django_real_estate/estate-src/estateEnv/lib/python3.10/site-packages/django/contrib/admin/templatetags/base.py", line 45, in render
    return super().render(context)
  File "/home/hunnytaggy/Desktop/All/django_real_estate/estate-src/estateEnv/lib/python3.10/site-packages/django/template/library.py", line 258, in render
    _dict = self.func(*resolved_args, **resolved_kwargs)
  File "/home/hunnytaggy/Desktop/All/django_real_estate/estate-src/estateEnv/lib/python3.10/site-packages/django/contrib/admin/templatetags/admin_list.py", line 345, in result_list
    "results": list(results(cl)),
  File "/home/hunnytaggy/Desktop/All/django_real_estate/estate-src/estateEnv/lib/python3.10/site-packages/django/contrib/admin/templatetags/admin_list.py", line 321, in results
    yield ResultList(None, items_for_result(cl, res, None))
  File "/home/hunnytaggy/Desktop/All/django_real_estate/estate-src/estateEnv/lib/python3.10/site-packages/django/contrib/admin/templatetags/admin_list.py", line 312, in __init__
    super().__init__(*items)
  File "/home/hunnytaggy/Desktop/All/django_real_estate/estate-src/estateEnv/lib/python3.10/site-packages/django/contrib/admin/templatetags/admin_list.py", line 217, in items_for_result
    f, attr, value = lookup_field(field_name, result, cl.model_admin)
  File "/home/hunnytaggy/Desktop/All/django_real_estate/estate-src/estateEnv/lib/python3.10/site-packages/django/contrib/admin/utils.py", line 298, in lookup_field
    value = attr(obj)
  File "/home/hunnytaggy/Desktop/All/django_real_estate/estate-src/estateEnv/lib/python3.10/site-packages/django/contrib/admin/options.py", line 999, in action_checkbox
    "aria-label": format_html(_("Select this object for an action - {}"), obj),
  File "/home/hunnytaggy/Desktop/All/django_real_estate/estate-src/estateEnv/lib/python3.10/site-packages/django/utils/html.py", line 135, in format_html
    return mark_safe(format_string.format(*args_safe, **kwargs_safe))
  File "/home/hunnytaggy/Desktop/All/django_real_estate/estate-src/estateEnv/lib/python3.10/site-packages/django/utils/html.py", line 117, in conditional_escape
    return escape(text)
  File "/home/hunnytaggy/Desktop/All/django_real_estate/estate-src/estateEnv/lib/python3.10/site-packages/django/utils/functional.py", line 231, in wrapper
    return func(*args, **kwargs)
  File "/home/hunnytaggy/Desktop/All/django_real_estate/estate-src/estateEnv/lib/python3.10/site-packages/django/utils/html.py", line 50, in escape
    return SafeString(html.escape(str(text)))
  File "/home/hunnytaggy/Desktop/All/django_real_estate/estate-src/apps/profiles/models.py", line 33, in __str__
    return f"{self.user.usernames}'s profile"
AttributeError: 'User' object has no attribute 'usernames'
2024-03-14 16:14:23,894 django.utils.autoreload INFO     /home/hunnytaggy/Desktop/All/django_real_estate/estate-src/apps/profiles/models.py changed, reloading.
2024-03-14 16:14:24,456 django.utils.autoreload INFO     Watching for file changes with StatReloader
2024-03-14 16:14:47,766 django.request WARNING  Not Found: /favicon.ico
